Determining if the pthread_create exist failed with the following output:
Change Dir: /home/LOCAL.ISIMA.FR/mahenry8/ZZ3/Cpp/tp_1/build/CMakeFiles/CMakeTmp

Run Build Command:/usr/bin/gmake "cmTryCompileExec4065895850/fast"
/usr/bin/gmake -f CMakeFiles/cmTryCompileExec4065895850.dir/build.make CMakeFiles/cmTryCompileExec4065895850.dir/build
gmake[1]: entrant dans le répertoire « /home/LOCAL.ISIMA.FR/mahenry8/ZZ3/Cpp/tp_1/build/CMakeFiles/CMakeTmp »
/usr/bin/cmake -E cmake_progress_report /home/LOCAL.ISIMA.FR/mahenry8/ZZ3/Cpp/tp_1/build/CMakeFiles/CMakeTmp/CMakeFiles 1
Building C object CMakeFiles/cmTryCompileExec4065895850.dir/CheckSymbolExists.c.o
/usr/bin/cc    -o CMakeFiles/cmTryCompileExec4065895850.dir/CheckSymbolExists.c.o   -c /home/LOCAL.ISIMA.FR/mahenry8/ZZ3/Cpp/tp_1/build/CMakeFiles/CMakeTmp/CheckSymbolExists.c
Linking C executable cmTryCompileExec4065895850
/usr/bin/cmake -E cmake_link_script CMakeFiles/cmTryCompileExec4065895850.dir/link.txt --verbose=1
/usr/bin/cc       CMakeFiles/cmTryCompileExec4065895850.dir/CheckSymbolExists.c.o  -o cmTryCompileExec4065895850 -rdynamic 
CMakeFiles/cmTryCompileExec4065895850.dir/CheckSymbolExists.c.o: In function `main':
CheckSymbolExists.c:(.text+0xc): undefined reference to `pthread_create'
collect2: ld a retourné 1 code d'état d'exécution
gmake[1]: *** [cmTryCompileExec4065895850] Erreur 1
gmake[1]: quittant le répertoire « /home/LOCAL.ISIMA.FR/mahenry8/ZZ3/Cpp/tp_1/build/CMakeFiles/CMakeTmp »
gmake: *** [cmTryCompileExec4065895850/fast] Erreur 2

File /home/LOCAL.ISIMA.FR/mahenry8/ZZ3/Cpp/tp_1/build/CMakeFiles/CMakeTmp/CheckSymbolExists.c:
/* */
#include <pthread.h>

int main(int argc, char** argv)
{
  (void)argv;
#ifndef pthread_create
  return ((int*)(&pthread_create))[argc];
#else
  (void)argc;
  return 0;
#endif
}

Determining if the function pthread_create exists in the pthreads failed with the following output:
Change Dir: /home/LOCAL.ISIMA.FR/mahenry8/ZZ3/Cpp/tp_1/build/CMakeFiles/CMakeTmp

Run Build Command:/usr/bin/gmake "cmTryCompileExec705694294/fast"
/usr/bin/gmake -f CMakeFiles/cmTryCompileExec705694294.dir/build.make CMakeFiles/cmTryCompileExec705694294.dir/build
gmake[1]: entrant dans le répertoire « /home/LOCAL.ISIMA.FR/mahenry8/ZZ3/Cpp/tp_1/build/CMakeFiles/CMakeTmp »
/usr/bin/cmake -E cmake_progress_report /home/LOCAL.ISIMA.FR/mahenry8/ZZ3/Cpp/tp_1/build/CMakeFiles/CMakeTmp/CMakeFiles 1
Building C object CMakeFiles/cmTryCompileExec705694294.dir/CheckFunctionExists.c.o
/usr/bin/cc   -DCHECK_FUNCTION_EXISTS=pthread_create   -o CMakeFiles/cmTryCompileExec705694294.dir/CheckFunctionExists.c.o   -c /usr/share/cmake/Modules/CheckFunctionExists.c
Linking C executable cmTryCompileExec705694294
/usr/bin/cmake -E cmake_link_script CMakeFiles/cmTryCompileExec705694294.dir/link.txt --verbose=1
/usr/bin/cc   -DCHECK_FUNCTION_EXISTS=pthread_create    CMakeFiles/cmTryCompileExec705694294.dir/CheckFunctionExists.c.o  -o cmTryCompileExec705694294 -rdynamic -lpthreads 
/usr/bin/ld: cannot find -lpthreads
collect2: ld a retourné 1 code d'état d'exécution
gmake[1]: *** [cmTryCompileExec705694294] Erreur 1
gmake[1]: quittant le répertoire « /home/LOCAL.ISIMA.FR/mahenry8/ZZ3/Cpp/tp_1/build/CMakeFiles/CMakeTmp »
gmake: *** [cmTryCompileExec705694294/fast] Erreur 2


Performing C++ SOURCE FILE Test COMPILER_SUPPORTS_CPP14 failed with the following output:
Change Dir: /home/LOCAL.ISIMA.FR/mahenry8/ZZ3/Cpp/tp_1/build/CMakeFiles/CMakeTmp

Run Build Command:/usr/bin/gmake "cmTryCompileExec2842295699/fast"
/usr/bin/gmake -f CMakeFiles/cmTryCompileExec2842295699.dir/build.make CMakeFiles/cmTryCompileExec2842295699.dir/build
gmake[1]: Entering directory `/home/LOCAL.ISIMA.FR/mahenry8/ZZ3/Cpp/tp_1/build/CMakeFiles/CMakeTmp'
/usr/bin/cmake -E cmake_progress_report /home/LOCAL.ISIMA.FR/mahenry8/ZZ3/Cpp/tp_1/build/CMakeFiles/CMakeTmp/CMakeFiles 1
Building CXX object CMakeFiles/cmTryCompileExec2842295699.dir/src.cxx.o
/usr/bin/c++    -Wall -pedantic  -DCOMPILER_SUPPORTS_CPP14   -std=gnu++14 -o CMakeFiles/cmTryCompileExec2842295699.dir/src.cxx.o -c /home/LOCAL.ISIMA.FR/mahenry8/ZZ3/Cpp/tp_1/build/CMakeFiles/CMakeTmp/src.cxx
cc1plus: error: unrecognized command line option "-std=gnu++14"
gmake[1]: *** [CMakeFiles/cmTryCompileExec2842295699.dir/src.cxx.o] Error 1
gmake[1]: Leaving directory `/home/LOCAL.ISIMA.FR/mahenry8/ZZ3/Cpp/tp_1/build/CMakeFiles/CMakeTmp'
gmake: *** [cmTryCompileExec2842295699/fast] Error 2

Source file was:
int main() { return 0;}
Performing C++ SOURCE FILE Test COMPILER_SUPPORTS_CPP1Y failed with the following output:
Change Dir: /home/LOCAL.ISIMA.FR/mahenry8/ZZ3/Cpp/tp_1/build/CMakeFiles/CMakeTmp

Run Build Command:/usr/bin/gmake "cmTryCompileExec2860556905/fast"
/usr/bin/gmake -f CMakeFiles/cmTryCompileExec2860556905.dir/build.make CMakeFiles/cmTryCompileExec2860556905.dir/build
gmake[1]: Entering directory `/home/LOCAL.ISIMA.FR/mahenry8/ZZ3/Cpp/tp_1/build/CMakeFiles/CMakeTmp'
/usr/bin/cmake -E cmake_progress_report /home/LOCAL.ISIMA.FR/mahenry8/ZZ3/Cpp/tp_1/build/CMakeFiles/CMakeTmp/CMakeFiles 1
Building CXX object CMakeFiles/cmTryCompileExec2860556905.dir/src.cxx.o
/usr/bin/c++    -Wall -pedantic  -DCOMPILER_SUPPORTS_CPP1Y   -std=gnu++1y -o CMakeFiles/cmTryCompileExec2860556905.dir/src.cxx.o -c /home/LOCAL.ISIMA.FR/mahenry8/ZZ3/Cpp/tp_1/build/CMakeFiles/CMakeTmp/src.cxx
cc1plus: error: unrecognized command line option "-std=gnu++1y"
gmake[1]: *** [CMakeFiles/cmTryCompileExec2860556905.dir/src.cxx.o] Error 1
gmake[1]: Leaving directory `/home/LOCAL.ISIMA.FR/mahenry8/ZZ3/Cpp/tp_1/build/CMakeFiles/CMakeTmp'
gmake: *** [cmTryCompileExec2860556905/fast] Error 2

Source file was:
int main() { return 0;}
Performing C++ SOURCE FILE Test COMPILER_SUPPORTS_CPP11 failed with the following output:
Change Dir: /home/LOCAL.ISIMA.FR/mahenry8/ZZ3/Cpp/tp_1/build/CMakeFiles/CMakeTmp

Run Build Command:/usr/bin/gmake "cmTryCompileExec3261841573/fast"
/usr/bin/gmake -f CMakeFiles/cmTryCompileExec3261841573.dir/build.make CMakeFiles/cmTryCompileExec3261841573.dir/build
gmake[1]: Entering directory `/home/LOCAL.ISIMA.FR/mahenry8/ZZ3/Cpp/tp_1/build/CMakeFiles/CMakeTmp'
/usr/bin/cmake -E cmake_progress_report /home/LOCAL.ISIMA.FR/mahenry8/ZZ3/Cpp/tp_1/build/CMakeFiles/CMakeTmp/CMakeFiles 1
Building CXX object CMakeFiles/cmTryCompileExec3261841573.dir/src.cxx.o
/usr/bin/c++    -Wall -pedantic  -DCOMPILER_SUPPORTS_CPP11   -std=gnu++11 -o CMakeFiles/cmTryCompileExec3261841573.dir/src.cxx.o -c /home/LOCAL.ISIMA.FR/mahenry8/ZZ3/Cpp/tp_1/build/CMakeFiles/CMakeTmp/src.cxx
cc1plus: error: unrecognized command line option "-std=gnu++11"
gmake[1]: *** [CMakeFiles/cmTryCompileExec3261841573.dir/src.cxx.o] Error 1
gmake[1]: Leaving directory `/home/LOCAL.ISIMA.FR/mahenry8/ZZ3/Cpp/tp_1/build/CMakeFiles/CMakeTmp'
gmake: *** [cmTryCompileExec3261841573/fast] Error 2

Source file was:
int main() { return 0;}
